<?xml version="1.0" encoding="UTF-8"?>
<!-- Generated by org.testng.reporters.JUnitXMLReporter -->
<testsuite hostname="vj" ignored="1" name="Default test" tests="1" failures="0" timestamp="2020-06-22T17:38:21 GST" time="0.129" errors="0">
  <testcase name="iOSApp" time="0.02" classname="qaclickacademy.Mavanjava.AppiumTest"/>
  <testcase name="nativeAppAndroid" time="0.0" classname="qaclickacademy.Mavanjava.AppiumTest">
    <ignored/>
  </testcase> <!-- nativeAppAndroid -->
</testsuite> <!-- Default test -->
