<?xml version="1.0" encoding="UTF-8"?>
<!-- Generated by org.testng.reporters.JUnitXMLReporter -->
<testsuite hostname="vj" ignored="0" name="Test" tests="7" failures="0" timestamp="2020-06-22T17:45:07 GST" time="0.184" errors="0">
  <testcase name="deleteTweet" time="0.024" classname="qaclickacademy.Mavanjava.RestAPITest"/>
  <testcase name="postsJira" time="0.007" classname="qaclickacademy.Mavanjava.RestAPITest"/>
  <testcase name="browserAutomation" time="0.002" classname="qaclickacademy.Mavanjava.SeleniumTest"/>
  <testcase name="elementsUI" time="0.003" classname="qaclickacademy.Mavanjava.SeleniumTest"/>
  <testcase name="iOSApp" time="0.002" classname="qaclickacademy.Mavanjava.AppiumTest"/>
  <testcase name="nativeAppAndroid" time="0.011" classname="qaclickacademy.Mavanjava.AppiumTest"/>
  <testcase name="demo" time="0.003" classname="qaclickacademy.Mavanjava.DemoTest"/>
</testsuite> <!-- Test -->
