<?xml version="1.0" encoding="UTF-8"?>
<testng-results skipped="0" failed="0" ignored="0" total="7" passed="7">
  <reporter-output>
  </reporter-output>
  <suite name="Suite" duration-ms="91" started-at="2020-07-12T04:13:28 GST" finished-at="2020-07-12T04:13:28 GST">
    <groups>
    </groups>
    <test name="Test" duration-ms="91" started-at="2020-07-12T04:13:28 GST" finished-at="2020-07-12T04:13:28 GST">
      <class name="qaclickacademy.Mavanjava.RestAPITest">
        <test-method status="PASS" signature="deleteTweet()[pri:0, instance:qaclickacademy.Mavanjava.RestAPITest@3c0f93f1]" name="deleteTweet" duration-ms="10" started-at="2020-07-12T04:13:28 GST" finished-at="2020-07-12T04:13:28 GST">
          <reporter-output>
          </reporter-output>
        </test-method> <!-- deleteTweet -->
        <test-method status="PASS" signature="postsJira()[pri:0, instance:qaclickacademy.Mavanjava.RestAPITest@3c0f93f1]" name="postsJira" duration-ms="0" started-at="2020-07-12T04:13:28 GST" finished-at="2020-07-12T04:13:28 GST">
          <reporter-output>
          </reporter-output>
        </test-method> <!-- postsJira -->
      </class> <!-- qaclickacademy.Mavanjava.RestAPITest -->
      <class name="qaclickacademy.Mavanjava.AppiumTest">
        <test-method status="PASS" signature="iOSApp()[pri:0, instance:qaclickacademy.Mavanjava.AppiumTest@544fe44c]" name="iOSApp" duration-ms="1" started-at="2020-07-12T04:13:28 GST" finished-at="2020-07-12T04:13:28 GST">
          <reporter-output>
          </reporter-output>
        </test-method> <!-- iOSApp -->
        <test-method status="PASS" signature="nativeAppAndroid()[pri:0, instance:qaclickacademy.Mavanjava.AppiumTest@544fe44c]" name="nativeAppAndroid" duration-ms="0" started-at="2020-07-12T04:13:28 GST" finished-at="2020-07-12T04:13:28 GST">
          <reporter-output>
          </reporter-output>
        </test-method> <!-- nativeAppAndroid -->
      </class> <!-- qaclickacademy.Mavanjava.AppiumTest -->
      <class name="qaclickacademy.Mavanjava.DemoTest">
        <test-method status="PASS" signature="demo()[pri:0, instance:qaclickacademy.Mavanjava.DemoTest@31610302]" name="demo" duration-ms="0" started-at="2020-07-12T04:13:28 GST" finished-at="2020-07-12T04:13:28 GST">
          <reporter-output>
          </reporter-output>
        </test-method> <!-- demo -->
      </class> <!-- qaclickacademy.Mavanjava.DemoTest -->
      <class name="qaclickacademy.Mavanjava.SeleniumTest">
        <test-method status="PASS" signature="browserAutomation()[pri:0, instance:qaclickacademy.Mavanjava.SeleniumTest@31dc339b]" name="browserAutomation" duration-ms="0" started-at="2020-07-12T04:13:28 GST" finished-at="2020-07-12T04:13:28 GST">
          <reporter-output>
          </reporter-output>
        </test-method> <!-- browserAutomation -->
        <test-method status="PASS" signature="elementsUI()[pri:0, instance:qaclickacademy.Mavanjava.SeleniumTest@31dc339b]" name="elementsUI" duration-ms="1" started-at="2020-07-12T04:13:28 GST" finished-at="2020-07-12T04:13:28 GST">
          <reporter-output>
          </reporter-output>
        </test-method> <!-- elementsUI -->
      </class> <!-- qaclickacademy.Mavanjava.SeleniumTest -->
    </test> <!-- Test -->
  </suite> <!-- Suite -->
</testng-results>
