<?xml version="1.0" encoding="UTF-8"?>
<testng-results skipped="0" failed="0" ignored="0" total="7" passed="7">
  <reporter-output>
  </reporter-output>
  <suite name="Suite" duration-ms="184" started-at="2020-06-22T17:45:07 GST" finished-at="2020-06-22T17:45:07 GST">
    <groups>
    </groups>
    <test name="Test" duration-ms="184" started-at="2020-06-22T17:45:07 GST" finished-at="2020-06-22T17:45:07 GST">
      <class name="qaclickacademy.Mavanjava.RestAPITest">
        <test-method status="PASS" signature="deleteTweet()[pri:0, instance:qaclickacademy.Mavanjava.RestAPITest@4d41cee]" name="deleteTweet" duration-ms="24" started-at="2020-06-22T17:45:07 GST" finished-at="2020-06-22T17:45:07 GST">
          <reporter-output>
          </reporter-output>
        </test-method> <!-- deleteTweet -->
        <test-method status="PASS" signature="postsJira()[pri:0, instance:qaclickacademy.Mavanjava.RestAPITest@4d41cee]" name="postsJira" duration-ms="7" started-at="2020-06-22T17:45:07 GST" finished-at="2020-06-22T17:45:07 GST">
          <reporter-output>
          </reporter-output>
        </test-method> <!-- postsJira -->
      </class> <!-- qaclickacademy.Mavanjava.RestAPITest -->
      <class name="qaclickacademy.Mavanjava.AppiumTest">
        <test-method status="PASS" signature="iOSApp()[pri:0, instance:qaclickacademy.Mavanjava.AppiumTest@2833cc44]" name="iOSApp" duration-ms="2" started-at="2020-06-22T17:45:07 GST" finished-at="2020-06-22T17:45:07 GST">
          <reporter-output>
          </reporter-output>
        </test-method> <!-- iOSApp -->
        <test-method status="PASS" signature="nativeAppAndroid()[pri:0, instance:qaclickacademy.Mavanjava.AppiumTest@2833cc44]" name="nativeAppAndroid" duration-ms="11" started-at="2020-06-22T17:45:07 GST" finished-at="2020-06-22T17:45:07 GST">
          <reporter-output>
          </reporter-output>
        </test-method> <!-- nativeAppAndroid -->
      </class> <!-- qaclickacademy.Mavanjava.AppiumTest -->
      <class name="qaclickacademy.Mavanjava.DemoTest">
        <test-method status="PASS" signature="demo()[pri:0, instance:qaclickacademy.Mavanjava.DemoTest@33f88ab]" name="demo" duration-ms="3" started-at="2020-06-22T17:45:07 GST" finished-at="2020-06-22T17:45:07 GST">
          <reporter-output>
          </reporter-output>
        </test-method> <!-- demo -->
      </class> <!-- qaclickacademy.Mavanjava.DemoTest -->
      <class name="qaclickacademy.Mavanjava.SeleniumTest">
        <test-method status="PASS" signature="browserAutomation()[pri:0, instance:qaclickacademy.Mavanjava.SeleniumTest@3712b94]" name="browserAutomation" duration-ms="2" started-at="2020-06-22T17:45:07 GST" finished-at="2020-06-22T17:45:07 GST">
          <reporter-output>
          </reporter-output>
        </test-method> <!-- browserAutomation -->
        <test-method status="PASS" signature="elementsUI()[pri:0, instance:qaclickacademy.Mavanjava.SeleniumTest@3712b94]" name="elementsUI" duration-ms="3" started-at="2020-06-22T17:45:07 GST" finished-at="2020-06-22T17:45:07 GST">
          <reporter-output>
          </reporter-output>
        </test-method> <!-- elementsUI -->
      </class> <!-- qaclickacademy.Mavanjava.SeleniumTest -->
    </test> <!-- Test -->
  </suite> <!-- Suite -->
</testng-results>
